Flutter crash report.
Please report a bug at https://github.com/flutter/flutter/issues.

## command

flutter --no-color attach --machine --device-id=emulator-5554 lib\main.dart

## exception

StateError: Bad state: Future already completed

```
#0      _AsyncCompleter.complete (dart:async/future_impl.dart:35:31)
#1      FlutterDevice.connect.<anonymous closure> (package:flutter_tools/src/resident_runner.dart:324:17)
<asynchronous suspension>
```

## flutter doctor

```
[✓] Flutter (Channel stable, 3.3.7, on Microsoft Windows [Version 10.0.22621.1555], locale en-SI)
    • Flutter version 3.3.7 on channel stable at C:\src\flutter
    • Upstream repository https://github.com/flutter/flutter.git
    • Framework revision e99c9c7cd9 (6 months ago), 2022-11-01 16:59:00 -0700
    • Engine revision 857bd6b74c
    • Dart version 2.18.4
    • DevTools version 2.15.0

[✓] Android toolchain - develop for Android devices (Android SDK version 33.0.2)
    • Android SDK at C:\Users\andra\AppData\Local\Android\Sdk
    • Platform android-33-ext5, build-tools 33.0.2
    • ANDROID_SDK_ROOT = C:\Users\andra\AppData\Local\Android\Sdk
    • Java binary at: C:\Program Files\Common Files\Oracle\Java\javapath\java.exe
    • Java version Java(TM) SE Runtime Environment (build 19.0.2+7-44)
    • All Android licenses accepted.

[✗] Chrome - develop for the web (Cannot find Chrome executable at .\Google\Chrome\Application\chrome.exe)
    ! Cannot find Chrome. Try setting CHROME_EXECUTABLE to a Chrome executable.

[✓] Visual Studio - develop for Windows (Visual Studio Community 2022 17.4.5)
    • Visual Studio at C:\Program Files\Microsoft Visual Studio\2022\Community
    • Visual Studio Community 2022 version 17.4.33403.182
    • Windows 10 SDK version 10.0.22000.0

[!] Android Studio (version 2022.1)
    • Android Studio at C:\Program Files\Android\Android Studio
    • Flutter plugin can be installed from:
      🔨 https://plugins.jetbrains.com/plugin/9212-flutter
    • Dart plugin can be installed from:
      🔨 https://plugins.jetbrains.com/plugin/6351-dart
    ✗ Unable to find bundled Java version.
    • Try updating or re-installing Android Studio.

[✓] VS Code (version 1.77.3)
    • VS Code at C:\Users\andra\AppData\Local\Programs\Microsoft VS Code
    • Flutter extension version 3.62.0

[✓] Connected device (3 available)
    • AOSP on IA Emulator (mobile) • emulator-5554 • android-x86    • Android 9 (API 28) (emulator)
    • Windows (desktop)            • windows       • windows-x64    • Microsoft Windows [Version 10.0.22621.1555]
    • Edge (web)                   • edge          • web-javascript • Microsoft Edge 112.0.1722.58

[!] HTTP Host Availability
    ✗ HTTP host "https://maven.google.com/" is not reachable. Reason: An error occurred while checking the HTTP host: Failed host lookup: 'maven.google.com'

! Doctor found issues in 3 categories.
```
